<?xml version="1.0" encoding="utf-8" standalone="no"?>
<test-results xmlns:xsi="http://www.w3.org/2001/XMLSchema-instance" xsi:noNamespaceSchemaLocation="nunit_schema_2.5.xsd" name="Pester" total="2" errors="0" failures="0" not-run="0" inconclusive="0" ignored="0" skipped="0" invalid="0" date="2025-01-24" time="21:11:21">
  <environment cwd="C:\Users\renev\Documents\PowerShell\Modules\GenXdev.Webbrowser\1.94.2025" clr-version="8.0.10" platform="Microsoft Windows 11 Pro|C:\WINDOWS|\Device\Harddisk0\Partition3" os-version="10.0.26100" user="renev" user-domain="ATMOSMAIN" nunit-version="2.5.8.0" machine-name="ATMOSMAIN" />
  <culture-info current-culture="en-150" current-uiculture="en-GB" />
  <test-suite type="TestFixture" name="Pester" executed="True" result="Success" success="True" time="4.573" asserts="0" description="Pester">
    <results>
      <test-suite type="TestFixture" name="C:\Users\renev\Documents\PowerShell\Modules\GenXdev.Webbrowser\1.94.2025\Tests\GenXdev.Webbrowser\SeleniumUpdateCheck.Tests.ps1" executed="True" result="Success" success="True" time="0.1419" asserts="0" description="C:\Users\renev\Documents\PowerShell\Modules\GenXdev.Webbrowser\1.94.2025\Tests\GenXdev.Webbrowser\SeleniumUpdateCheck.Tests.ps1">
        <results>
          <test-suite type="TestFixture" name="SeleniumUpdateCheck" executed="True" result="Success" success="True" time="0.0475" asserts="0" description="SeleniumUpdateCheck">
            <results>
              <test-case description="Checks if there is a new version for the Selenium Chrome WebDriver" name="SeleniumUpdateCheck.Checks if there is a new version for the Selenium Chrome WebDriver" time="0.0408" asserts="0" success="True" result="Success" executed="True" />
            </results>
          </test-suite>
        </results>
      </test-suite>
      <test-suite type="TestFixture" name="C:\Users\renev\Documents\PowerShell\Modules\GenXdev.Webbrowser\1.94.2025\Tests\GenXdev.Webbrowser\Set-SeleniumWebbrowser.Tests.ps1" executed="True" result="Success" success="True" time="4.431" asserts="0" description="C:\Users\renev\Documents\PowerShell\Modules\GenXdev.Webbrowser\1.94.2025\Tests\GenXdev.Webbrowser\Set-SeleniumWebbrowser.Tests.ps1">
        <results>
          <test-suite type="TestFixture" name="Set-SeleniumWebBrowser" executed="True" result="Success" success="True" time="4.3575" asserts="0" description="Set-SeleniumWebBrowser">
            <results>
              <test-case description="Should do a round trip with the Chrome javascript engine by evaluating a script" name="Set-SeleniumWebBrowser.Should do a round trip with the Chrome javascript engine by evaluating a script" time="1.7978" asserts="0" success="True" result="Success" executed="True" />
            </results>
          </test-suite>
        </results>
      </test-suite>
    </results>
  </test-suite>
</test-results>